<?xml version="1.0" encoding="UTF-8"?>
<!-- Generated by org.testng.reporters.JUnitReportReporter -->
<testsuite hostname="95WPP13" failures="0" tests="2" name="qaclickacademy.Mavenjava.AppiumTest" time="0.006" errors="0" timestamp="2020-11-08T11:27:52 IST" skipped="0">
  <testcase classname="qaclickacademy.Mavenjava.AppiumTest" name="iosApp" time="0.005"/>
  <system-out/>
  <testcase classname="qaclickacademy.Mavenjava.AppiumTest" name="nativeApp" time="0.001"/>
  <system-out/>
</testsuite> <!-- qaclickacademy.Mavenjava.AppiumTest -->
