<?xml version="1.0" encoding="UTF-8"?>
<!-- Generated by org.testng.reporters.JUnitReportReporter -->
<testsuite hostname="95WPP13" failures="0" tests="2" name="qaclickacademy.Mavenjava.RESTApiTest" time="0.004" errors="0" timestamp="2020-11-08T22:54:46 IST" skipped="0">
  <testcase classname="qaclickacademy.Mavenjava.RESTApiTest" name="deleteTwitter" time="0.004"/>
  <system-out/>
  <testcase classname="qaclickacademy.Mavenjava.RESTApiTest" name="postJira" time="0.000"/>
  <system-out/>
</testsuite> <!-- qaclickacademy.Mavenjava.RESTApiTest -->
